# JRE version: OpenJDK Runtime Environment (8.0_152-b01) (build 1.8.0_152-release-1024-b01)
# Java VM: OpenJDK 64-Bit Server VM (25.152-b01 mixed mode linux-amd64 compressed oops)
Heap:
 PSYoungGen      total 452608K, used 211146K [0x00000000e0000000, 0x00000000ff480000, 0x0000000100000000)
  eden space 396800K, 53% used [0x00000000e0000000,0x00000000ece32a78,0x00000000f8380000)
  from space 55808K, 0% used [0x00000000fbe00000,0x00000000fbe00000,0x00000000ff480000)
  to   space 57856K, 0% used [0x00000000f8380000,0x00000000f8380000,0x00000000fbc00000)
 ParOldGen       total 206848K, used 69764K [0x00000000a0000000, 0x00000000aca00000, 0x00000000e0000000)
  object space 206848K, 33% used [0x00000000a0000000,0x00000000a4421238,0x00000000aca00000)
 Metaspace       used 135230K, capacity 143203K, committed 143960K, reserved 1175552K
  class space    used 16866K, capacity 18353K, committed 18560K, reserved 1048576K
GC Heap History (10 events):
Event: 12438.776 GC heap before
{Heap before GC invocations=53 (full 6):
 PSYoungGen      total 440832K, used 387590K [0x00000000e0000000, 0x0000000100000000, 0x0000000100000000)
  eden space 366592K, 100% used [0x00000000e0000000,0x00000000f6600000,0x00000000f6600000)
  from space 74240K, 28% used [0x00000000faa00000,0x00000000fbe81820,0x00000000ff280000)
  to   space 69632K, 0% used [0x00000000f6600000,0x00000000f6600000,0x00000000faa00000)
 ParOldGen       total 206848K, used 48978K [0x00000000a0000000, 0x00000000aca00000, 0x00000000e0000000)
  object space 206848K, 23% used [0x00000000a0000000,0x00000000a2fd4bf0,0x00000000aca00000)
 Metaspace       used 133647K, capacity 140969K, committed 142808K, reserved 1173504K
  class space    used 16721K, capacity 18080K, committed 18432K, reserved 1048576K
Event: 12440.391 GC heap after
Heap after GC invocations=53 (full 6):
 PSYoungGen      total 436224K, used 11840K [0x00000000e0000000, 0x00000000ff380000, 0x0000000100000000)
  eden space 366592K, 0% used [0x00000000e0000000,0x00000000e0000000,0x00000000f6600000)
  from space 69632K, 17% used [0x00000000f6600000,0x00000000f7190020,0x00000000faa00000)
  to   space 65536K, 0% used [0x00000000fb380000,0x00000000fb380000,0x00000000ff380000)
 ParOldGen       total 206848K, used 65281K [0x00000000a0000000, 0x00000000aca00000, 0x00000000e0000000)
  object space 206848K, 31% used [0x00000000a0000000,0x00000000a3fc04e8,0x00000000aca00000)
 Metaspace       used 133647K, capacity 140969K, committed 142808K, reserved 1173504K
  class space    used 16721K, capacity 18080K, committed 18432K, reserved 1048576K
}
Event: 12661.381 GC heap before
{Heap before GC invocations=54 (full 6):
 PSYoungGen      total 436224K, used 378432K [0x00000000e0000000, 0x00000000ff380000, 0x0000000100000000)
  eden space 366592K, 100% used [0x00000000e0000000,0x00000000f6600000,0x00000000f6600000)
  from space 69632K, 17% used [0x00000000f6600000,0x00000000f7190020,0x00000000faa00000)
  to   space 65536K, 0% used [0x00000000fb380000,0x00000000fb380000,0x00000000ff380000)
 ParOldGen       total 206848K, used 65281K [0x00000000a0000000, 0x00000000aca00000, 0x00000000e0000000)
  object space 206848K, 31% used [0x00000000a0000000,0x00000000a3fc04e8,0x00000000aca00000)
 Metaspace       used 134656K, capacity 142355K, committed 143320K, reserved 1173504K
  class space    used 16836K, capacity 18240K, committed 18432K, reserved 1048576K
Event: 12661.534 GC heap after
Heap after GC invocations=54 (full 6):
 PSYoungGen      total 449536K, used 13732K [0x00000000e0000000, 0x00000000ff500000, 0x0000000100000000)
  eden space 384000K, 0% used [0x00000000e0000000,0x00000000e0000000,0x00000000f7700000)
  from space 65536K, 20% used [0x00000000fb380000,0x00000000fc0e93e0,0x00000000ff380000)
  to   space 61952K, 0% used [0x00000000f7700000,0x00000000f7700000,0x00000000fb380000)
 ParOldGen       total 206848K, used 65289K [0x00000000a0000000, 0x00000000aca00000, 0x00000000e0000000)
  object space 206848K, 31% used [0x00000000a0000000,0x00000000a3fc24e8,0x00000000aca00000)
 Metaspace       used 134656K, capacity 142355K, committed 143320K, reserved 1173504K
  class space    used 16836K, capacity 18240K, committed 18432K, reserved 1048576K
}
Event: 12776.874 GC heap before
{Heap before GC invocations=55 (full 6):
 PSYoungGen      total 449536K, used 397732K [0x00000000e0000000, 0x00000000ff500000, 0x0000000100000000)
  eden space 384000K, 100% used [0x00000000e0000000,0x00000000f7700000,0x00000000f7700000)
  from space 65536K, 20% used [0x00000000fb380000,0x00000000fc0e93e0,0x00000000ff380000)
  to   space 61952K, 0% used [0x00000000f7700000,0x00000000f7700000,0x00000000fb380000)
 ParOldGen       total 206848K, used 65289K [0x00000000a0000000, 0x00000000aca00000, 0x00000000e0000000)
  object space 206848K, 31% used [0x00000000a0000000,0x00000000a3fc24e8,0x00000000aca00000)
 Metaspace       used 135199K, capacity 143411K, committed 143960K, reserved 1175552K
  class space    used 16902K, capacity 18396K, committed 18560K, reserved 1048576K
Event: 12779.100 GC heap after
Heap after GC invocations=55 (full 6):
 PSYoungGen      total 445952K, used 25221K [0x00000000e0000000, 0x00000000ff880000, 0x0000000100000000)
  eden space 384000K, 0% used [0x00000000e0000000,0x00000000e0000000,0x00000000f7700000)
  from space 61952K, 40% used [0x00000000f7700000,0x00000000f8fa1400,0x00000000fb380000)
  to   space 59904K, 0% used [0x00000000fbe00000,0x00000000fbe00000,0x00000000ff880000)
 ParOldGen       total 206848K, used 65297K [0x00000000a0000000, 0x00000000aca00000, 0x00000000e0000000)
  object space 206848K, 31% used [0x00000000a0000000,0x00000000a3fc44e8,0x00000000aca00000)
 Metaspace       used 135199K, capacity 143411K, committed 143960K, reserved 1175552K
  class space    used 16902K, capacity 18396K, committed 18560K, reserved 1048576K
}
Event: 13098.515 GC heap before
{Heap before GC invocations=56 (full 6):
 PSYoungGen      total 445952K, used 170811K [0x00000000e0000000, 0x00000000ff880000, 0x0000000100000000)
  eden space 384000K, 37% used [0x00000000e0000000,0x00000000e8e2dad8,0x00000000f7700000)
  from space 61952K, 40% used [0x00000000f7700000,0x00000000f8fa1400,0x00000000fb380000)
  to   space 59904K, 0% used [0x00000000fbe00000,0x00000000fbe00000,0x00000000ff880000)
 ParOldGen       total 206848K, used 65297K [0x00000000a0000000, 0x00000000aca00000, 0x00000000e0000000)
  object space 206848K, 31% used [0x00000000a0000000,0x00000000a3fc44e8,0x00000000aca00000)
 Metaspace       used 135283K, capacity 143529K, committed 143960K, reserved 1175552K
  class space    used 16904K, capacity 18431K, committed 18560K, reserved 1048576K
Event: 13098.606 GC heap after
Heap after GC invocations=56 (full 6):
 PSYoungGen      total 452608K, used 6464K [0x00000000e0000000, 0x00000000ff480000, 0x0000000100000000)
  eden space 396800K, 0% used [0x00000000e0000000,0x00000000e0000000,0x00000000f8380000)
  from space 55808K, 11% used [0x00000000fbe00000,0x00000000fc450000,0x00000000ff480000)
  to   space 57856K, 0% used [0x00000000f8380000,0x00000000f8380000,0x00000000fbc00000)
 ParOldGen       total 206848K, used 70197K [0x00000000a0000000, 0x00000000aca00000, 0x00000000e0000000)
  object space 206848K, 33% used [0x00000000a0000000,0x00000000a448d558,0x00000000aca00000)
 Metaspace       used 135283K, capacity 143529K, committed 143960K, reserved 1175552K
  class space    used 16904K, capacity 18431K, committed 18560K, reserved 1048576K
}
Event: 13098.606 GC heap before
{Heap before GC invocations=57 (full 7):
 PSYoungGen      total 452608K, used 6464K [0x00000000e0000000, 0x00000000ff480000, 0x0000000100000000)
  eden space 396800K, 0% used [0x00000000e0000000,0x00000000e0000000,0x00000000f8380000)
  from space 55808K, 11% used [0x00000000fbe00000,0x00000000fc450000,0x00000000ff480000)
  to   space 57856K, 0% used [0x00000000f8380000,0x00000000f8380000,0x00000000fbc00000)
 ParOldGen       total 206848K, used 70197K [0x00000000a0000000, 0x00000000aca00000, 0x00000000e0000000)
  object space 206848K, 33% used [0x00000000a0000000,0x00000000a448d558,0x00000000aca00000)
 Metaspace       used 135283K, capacity 143529K, committed 143960K, reserved 1175552K
  class space    used 16904K, capacity 18431K, committed 18560K, reserved 1048576K
Event: 13111.315 GC heap after
Heap after GC invocations=57 (full 7):
 PSYoungGen      total 452608K, used 0K [0x00000000e0000000, 0x00000000ff480000, 0x0000000100000000)
  eden space 396800K, 0% used [0x00000000e0000000,0x00000000e0000000,0x00000000f8380000)
  from space 55808K, 0% used [0x00000000fbe00000,0x00000000fbe00000,0x00000000ff480000)
  to   space 57856K, 0% used [0x00000000f8380000,0x00000000f8380000,0x00000000fbc00000)
 ParOldGen       total 206848K, used 69764K [0x00000000a0000000, 0x00000000aca00000, 0x00000000e0000000)
  object space 206848K, 33% used [0x00000000a0000000,0x00000000a4421238,0x00000000aca00000)
 Metaspace       used 134959K, capacity 142779K, committed 143960K, reserved 1175552K
  class space    used 16836K, capacity 18307K, committed 18560K, reserved 1048576K
}

